[2024-10-23T11:52:19.432894+02:00] name.INFO: Se ha guardado una imagen: photo_5796269189172938901_x.jpg [] []
[2024-10-23T11:52:44.354605+02:00] name.INFO: Se ha guardado una imagen: photo_5796269189172938903_y.jpg [] []
[2024-10-23T11:53:18.040343+02:00] name.INFO: Se ha guardado una imagen: photo_5796269189172938901_x.jpg [] []
[2024-10-23T11:53:53.543875+02:00] name.INFO: Se ha guardado una imagen: photo_5796269189172938903_y.jpg [] []
[2024-11-05T09:19:31.324004+01:00] name.WARNING: Se ha guardado una imagen: photo_5854891038882252075_y.jpg [] []
[2024-11-06T08:35:28.123652+01:00] name.INFO: Se ha guardado una imagen: bf945-f634-4f46-b9f1-1fc557d98cda.png [] []
[2024-11-06T08:35:42.377242+01:00] name.INFO: Se ha guardado una imagen: Captura de pantalla 2024-10-01 135251.png [] []
[2024-11-06T08:49:23.400617+01:00] name.WARNING: Se ha guardado una imagen: Captura de pantalla 2024-10-01 135501.png [] []
[2024-11-06T08:50:22.025500+01:00] name.WARNING: Se ha guardado una imagen: Captura de pantalla 2024-10-01 135251.png [] []
[2024-11-06T08:58:51.720838+01:00] name.WARNING: Se ha guardado una imagen: env.png [] []
[2024-11-06T08:59:05.699800+01:00] name.WARNING: Se ha guardado una imagen: Captura de pantalla 2024-10-01 135251.png [] []
[2024-11-06T09:04:38.405801+01:00] name.WARNING: Se ha guardado una imagen: Captura de pantalla 2024-10-01 135251.png [] []
[2024-11-06T12:01:43.987582+01:00] name.WARNING: Se ha guardado una imagen: Captura de pantalla 2024-10-01 135251.png [] []
[2024-11-11T11:36:43.793233+01:00] name.WARNING: Se ha guardado una imagen: bf945-f634-4f46-b9f1-1fc557d98cda.png [] []
[2024-11-11T11:51:44.689313+01:00] name.WARNING: Se ha guardado una imagen: captura_DI.png [] []
[2024-11-11T12:07:44.052152+01:00] name.WARNING: Se ha guardado una imagen: Interpolate.png [] []
[2024-11-11T12:23:47.200015+01:00] name.WARNING: Se ha guardado una imagen: Captura de pantalla 2024-10-01 135501.png [] []
[2024-11-11T12:47:32.854159+01:00] name.WARNING: Se ha guardado una imagen: bf945-f634-4f46-b9f1-1fc557d98cda.png [] []
[2024-11-12T09:30:36.387155+01:00] name.WARNING: Se ha guardado la imagen correctamente [] []
[2024-11-12T09:34:02.712491+01:00] name.WARNING: Se ha guardado la imagen correctamente [] []
[2024-11-15T11:53:58.589007+01:00] name.WARNING: Se ha guardado una imagen: Captura de pantalla 2024-10-01 135251.png [] []
